<?xml version="1.0" encoding="UTF-8"?>
<testsuite name="MinesweeperTest" tests="1" skipped="0" failures="0" errors="0" timestamp="2021-01-14T14:31:41" hostname="LAPTOP-88QFCTG2" time="0.495">
  <properties/>
  <testcase name="start" classname="MinesweeperTest" time="0.495"/>
  <system-out><![CDATA[?[1;31m
Start test 1?[0m
How many mines do you want on the field?
> 1
 |123456789|
-|---------|
0|.........|
1|..111....|
2|..1.1....|
3|..111....|
4|.........|
5|.........|
6|.........|
7|.........|
8|.........|
-|---------|
Set/delete mines marks (x and y coordinates): 
> 1 2
 |123456789|
-|---------|
0|.........|
1|..111....|
2|.*1.1....|
3|..111....|
4|.........|
5|.........|
6|.........|
7|.........|
8|.........|
-|---------|
Congratulations! You found all the mines!
?[1;31m
Start test 2?[0m
How many mines do you want on the field?
> 1
 |123456789|
-|---------|
0|..1.1....|
1|..111....|
2|.........|
3|.........|
4|.........|
5|.........|
6|.........|
7|.........|
8|.........|
-|---------|
Set/delete mines marks (x and y coordinates): 
> 1 2
 |123456789|
-|---------|
0|..1.1....|
1|..111....|
2|.*.......|
3|.........|
4|.........|
5|.........|
6|.........|
7|.........|
8|.........|
-|---------|
Congratulations! You found all the mines!
?[1;31m
Start test 3?[0m
How many mines do you want on the field?
> 1
 |123456789|
-|---------|
0|...1.1...|
1|...111...|
2|.........|
3|.........|
4|.........|
5|.........|
6|.........|
7|.........|
8|.........|
-|---------|
Set/delete mines marks (x and y coordinates): 
> 1 2
 |123456789|
-|---------|
0|...1.1...|
1|...111...|
2|.*.......|
3|.........|
4|.........|
5|.........|
6|.........|
7|.........|
8|.........|
-|---------|
Congratulations! You found all the mines!
?[1;31m
Start test 4?[0m
How many mines do you want on the field?
> 1
 |123456789|
-|---------|
0|.........|
1|.........|
2|...111...|
3|...1.1...|
4|...111...|
5|.........|
6|.........|
7|.........|
8|.........|
-|---------|
Set/delete mines marks (x and y coordinates): 
> 1 2
 |123456789|
-|---------|
0|.........|
1|.........|
2|.*.111...|
3|...1.1...|
4|...111...|
5|.........|
6|.........|
7|.........|
8|.........|
-|---------|
Congratulations! You found all the mines!
?[1;31m
Start test 5?[0m
How many mines do you want on the field?
> 1
 |123456789|
-|---------|
0|.........|
1|.........|
2|.........|
3|.........|
4|.........|
5|.........|
6|111......|
7|1.1......|
8|111......|
-|---------|
Set/delete mines marks (x and y coordinates): 
> 1 2
 |123456789|
-|---------|
0|.........|
1|.........|
2|.*.......|
3|.........|
4|.........|
5|.........|
6|111......|
7|1.1......|
8|111......|
-|---------|
Congratulations! You found all the mines!
?[1;31m
Start test 6?[0m
How many mines do you want on the field?
> 1
 |123456789|
-|---------|
0|.........|
1|.........|
2|.........|
3|.........|
4|.........|
5|.........|
6|111......|
7|1.1......|
8|111......|
-|---------|
Set/delete mines marks (x and y coordinates): 
> 1 2
 |123456789|
-|---------|
0|.........|
1|.........|
2|.*.......|
3|.........|
4|.........|
5|.........|
6|111......|
7|1.1......|
8|111......|
-|---------|
Congratulations! You found all the mines!
?[1;31m
Start test 7?[0m
How many mines do you want on the field?
> 1
 |123456789|
-|---------|
0|......1.1|
1|......111|
2|.........|
3|.........|
4|.........|
5|.........|
6|.........|
7|.........|
8|.........|
-|---------|
Set/delete mines marks (x and y coordinates): 
> 1 2
 |123456789|
-|---------|
0|......1.1|
1|......111|
2|.*.......|
3|.........|
4|.........|
5|.........|
6|.........|
7|.........|
8|.........|
-|---------|
Congratulations! You found all the mines!
?[1;31m
Start test 8?[0m
How many mines do you want on the field?
> 1
 |123456789|
-|---------|
0|.........|
1|.........|
2|.........|
3|.........|
4|.........|
5|.........|
6|...111...|
7|...1.1...|
8|...111...|
-|---------|
Set/delete mines marks (x and y coordinates): 
> 1 2
 |123456789|
-|---------|
0|.........|
1|.........|
2|.*.......|
3|.........|
4|.........|
5|.........|
6|...111...|
7|...1.1...|
8|...111...|
-|---------|
Congratulations! You found all the mines!
?[1;31m
Start test 9?[0m
How many mines do you want on the field?
> 1
 |123456789|
-|---------|
0|.111.....|
1|.1.1.....|
2|.111.....|
3|.........|
4|.........|
5|.........|
6|.........|
7|.........|
8|.........|
-|---------|
Set/delete mines marks (x and y coordinates): 
> 1 2
 |123456789|
-|---------|
0|.111.....|
1|.1.1.....|
2|.*11.....|
3|.........|
4|.........|
5|.........|
6|.........|
7|.........|
8|.........|
-|---------|
Congratulations! You found all the mines!
?[1;31m
Start test 10?[0m
How many mines do you want on the field?
> 1
 |123456789|
-|---------|
0|.........|
1|.........|
2|.........|
3|.........|
4|.........|
5|.........|
6|111......|
7|1.1......|
8|111......|
-|---------|
Set/delete mines marks (x and y coordinates): 
> 1 2
 |123456789|
-|---------|
0|.........|
1|.........|
2|.*.......|
3|.........|
4|.........|
5|.........|
6|111......|
7|1.1......|
8|111......|
-|---------|
Congratulations! You found all the mines!
?[1;31m
Start test 11?[0m
How many mines do you want on the field?
> 5
 |123456789|
-|---------|
0|.1.......|
1|11.......|
2|...111111|
3|...1.11.1|
4|11.111111|
5|.1.......|
6|22.......|
7|.1.......|
8|11.......|
-|---------|
Set/delete mines marks (x and y coordinates): 
> 8 4
 |123456789|
-|---------|
0|.1.......|
1|11.......|
2|...111111|
3|...1.11.1|
4|11.11111*|
5|.1.......|
6|22.......|
7|.1.......|
8|11.......|
-|---------|
Set/delete mines marks (x and y coordinates): 
> 5 4
 |123456789|
-|---------|
0|.1.......|
1|11.......|
2|...111111|
3|...1.11.1|
4|11.11*11*|
5|.1.......|
6|22.......|
7|.1.......|
8|11.......|
-|---------|
Set/delete mines marks (x and y coordinates): 
> 1 8
 |123456789|
-|---------|
0|.1.......|
1|11.......|
2|...111111|
3|...1.11.1|
4|11.11*11*|
5|.1.......|
6|22.......|
7|.1.......|
8|1*.......|
-|---------|
Set/delete mines marks (x and y coordinates): 
> 1 6
 |123456789|
-|---------|
0|.1.......|
1|11.......|
2|...111111|
3|...1.11.1|
4|11.11*11*|
5|.1.......|
6|2*.......|
7|.1.......|
8|1*.......|
-|---------|
Set/delete mines marks (x and y coordinates): 
> 1 1
 |123456789|
-|---------|
0|.1.......|
1|1*.......|
2|...111111|
3|...1.11.1|
4|11.11*11*|
5|.1.......|
6|2*.......|
7|.1.......|
8|1*.......|
-|---------|
Congratulations! You found all the mines!
?[1;31m
Start test 12?[0m
How many mines do you want on the field?
> 5
 |123456789|
-|---------|
0|.....111.|
1|..1111.1.|
2|..1.1111.|
3|..111....|
4|...12321.|
5|...11.11.|
6|...12321.|
7|.........|
8|.........|
-|---------|
Set/delete mines marks (x and y coordinates): 
> 7 2
 |123456789|
-|---------|
0|.....111.|
1|..1111.1.|
2|..1.111*.|
3|..111....|
4|...12321.|
5|...11.11.|
6|...12321.|
7|.........|
8|.........|
-|---------|
Set/delete mines marks (x and y coordinates): 
> 4 3
 |123456789|
-|---------|
0|.....111.|
1|..1111.1.|
2|..1.111*.|
3|..11*....|
4|...12321.|
5|...11.11.|
6|...12321.|
7|.........|
8|.........|
-|---------|
Set/delete mines marks (x and y coordinates): 
> 6 6
 |123456789|
-|---------|
0|.....111.|
1|..1111.1.|
2|..1.111*.|
3|..11*....|
4|...12321.|
5|...11.11.|
6|...123*1.|
7|.........|
8|.........|
-|---------|
Set/delete mines marks (x and y coordinates): 
> 7 8
 |123456789|
-|---------|
0|.....111.|
1|..1111.1.|
2|..1.111*.|
3|..11*....|
4|...12321.|
5|...11.11.|
6|...123*1.|
7|.........|
8|.......*.|
-|---------|
Set/delete mines marks (x and y coordinates): 
> 3 6
 |123456789|
-|---------|
0|.....111.|
1|..1111.1.|
2|..1.111*.|
3|..11*....|
4|...12321.|
5|...11.11.|
6|...*23*1.|
7|.........|
8|.......*.|
-|---------|
Congratulations! You found all the mines!
?[1;31m
Start test 13?[0m
How many mines do you want on the field?
> 5
 |123456789|
-|---------|
0|.........|
1|..111....|
2|..1.1....|
3|11111....|
4|.1.......|
5|22.111...|
6|.1.1.1111|
7|11.1111.1|
8|......111|
-|---------|
Set/delete mines marks (x and y coordinates): 
> 8 8
 |123456789|
-|---------|
0|.........|
1|..111....|
2|..1.1....|
3|11111....|
4|.1.......|
5|22.111...|
6|.1.1.1111|
7|11.1111.1|
8|......11*|
-|---------|
Set/delete mines marks (x and y coordinates): 
> 4 3
 |123456789|
-|---------|
0|.........|
1|..111....|
2|..1.1....|
3|1111*....|
4|.1.......|
5|22.111...|
6|.1.1.1111|
7|11.1111.1|
8|......11*|
-|---------|
Set/delete mines marks (x and y coordinates): 
> 5 7
 |123456789|
-|---------|
0|.........|
1|..111....|
2|..1.1....|
3|1111*....|
4|.1.......|
5|22.111...|
6|.1.1.1111|
7|11.11*1.1|
8|......11*|
-|---------|
Set/delete mines marks (x and y coordinates): 
> 1 7
 |123456789|
-|---------|
0|.........|
1|..111....|
2|..1.1....|
3|1111*....|
4|.1.......|
5|22.111...|
6|.1.1.1111|
7|1*.11*1.1|
8|......11*|
-|---------|
Set/delete mines marks (x and y coordinates): 
> 1 5
 |123456789|
-|---------|
0|.........|
1|..111....|
2|..1.1....|
3|1111*....|
4|.1.......|
5|2*.111...|
6|.1.1.1111|
7|1*.11*1.1|
8|......11*|
-|---------|
Congratulations! You found all the mines!
]]></system-out>
  <system-err><![CDATA[]]></system-err>
</testsuite>
